<?xml version="1.0" encoding="UTF-8"?>
<!-- Generated by org.testng.reporters.JUnitXMLReporter -->
<testsuite ignored="0" hostname="HPEnvyx360" failures="0" tests="5" name="Default test" time="5.296" errors="0" timestamp="2025-08-10T20:24:36 EDT">
  <testcase classname="testcases.UserTests" name="testcaseGetAllUsers" time="1.971"/>
  <testcase classname="testcases.UserTests" name="testcasePostUser" time="0.927"/>
  <testcase classname="testcases.UserTests" name="testcaseGetUserById" time="0.564"/>
  <testcase classname="testcases.UserTests" name="testcaseUpdateUserById" time="1.096"/>
  <testcase classname="testcases.UserTests" name="deleteUser" time="0.511"/>
</testsuite> <!-- Default test -->
