<?xml version="1.0" encoding="UTF-8"?>
<testng-results ignored="0" total="5" passed="5" failed="0" skipped="0">
  <reporter-output>
  </reporter-output>
  <suite started-at="2025-08-11T22:42:11 EDT" name="FakestoreUserAPI" finished-at="2025-08-11T22:42:16 EDT" duration-ms="5217">
    <groups>
    </groups>
    <test started-at="2025-08-11T22:42:11 EDT" name="FakestoreUserAPITest" finished-at="2025-08-11T22:42:16 EDT" duration-ms="5217">
      <class name="testcases.UserTests">
        <test-method is-config="true" signature="setupData()[pri:0, instance:testcases.UserTests@3fc2959f]" started-at="2025-08-11T22:42:11 EDT" name="setupData" finished-at="2025-08-11T22:42:11 EDT" duration-ms="257" status="PASS">
          <reporter-output>
          </reporter-output>
        </test-method> <!-- setupData -->
        <test-method signature="testcaseGetAllUsers()[pri:1, instance:testcases.UserTests@3fc2959f]" started-at="2025-08-11T22:42:11 EDT" name="testcaseGetAllUsers" finished-at="2025-08-11T22:42:13 EDT" duration-ms="1983" status="PASS">
          <reporter-output>
          </reporter-output>
        </test-method> <!-- testcaseGetAllUsers -->
        <test-method signature="testcasePostUser()[pri:2, instance:testcases.UserTests@3fc2959f]" started-at="2025-08-11T22:42:13 EDT" name="testcasePostUser" finished-at="2025-08-11T22:42:14 EDT" duration-ms="786" status="PASS">
          <reporter-output>
          </reporter-output>
        </test-method> <!-- testcasePostUser -->
        <test-method signature="testcaseGetUserById()[pri:3, instance:testcases.UserTests@3fc2959f]" started-at="2025-08-11T22:42:14 EDT" name="testcaseGetUserById" finished-at="2025-08-11T22:42:15 EDT" duration-ms="579" status="PASS">
          <reporter-output>
          </reporter-output>
        </test-method> <!-- testcaseGetUserById -->
        <test-method signature="testcaseUpdateUserById()[pri:4, instance:testcases.UserTests@3fc2959f]" started-at="2025-08-11T22:42:15 EDT" name="testcaseUpdateUserById" finished-at="2025-08-11T22:42:15 EDT" duration-ms="794" status="PASS">
          <reporter-output>
          </reporter-output>
        </test-method> <!-- testcaseUpdateUserById -->
        <test-method signature="deleteUser()[pri:5, instance:testcases.UserTests@3fc2959f]" started-at="2025-08-11T22:42:15 EDT" name="deleteUser" finished-at="2025-08-11T22:42:16 EDT" duration-ms="536" status="PASS">
          <reporter-output>
          </reporter-output>
        </test-method> <!-- deleteUser -->
      </class> <!-- testcases.UserTests -->
    </test> <!-- FakestoreUserAPITest -->
  </suite> <!-- FakestoreUserAPI -->
</testng-results>
