<?xml version="1.0" encoding="UTF-8"?>
<testng-results ignored="0" total="5" passed="5" failed="0" skipped="0">
  <reporter-output>
  </reporter-output>
  <suite started-at="2025-08-11T23:11:20 EDT" name="FakestoreUserAPI" finished-at="2025-08-11T23:11:29 EDT" duration-ms="8891">
    <groups>
    </groups>
    <test started-at="2025-08-11T23:11:20 EDT" name="FakestoreUserAPITest" finished-at="2025-08-11T23:11:29 EDT" duration-ms="8891">
      <class name="testcases.UserTests">
        <test-method is-config="true" signature="setupData()[pri:0, instance:testcases.UserTests@3fc2959f]" started-at="2025-08-11T23:11:20 EDT" name="setupData" finished-at="2025-08-11T23:11:21 EDT" duration-ms="267" status="PASS">
          <reporter-output>
          </reporter-output>
        </test-method> <!-- setupData -->
        <test-method signature="testcaseGetAllUsers()[pri:1, instance:testcases.UserTests@3fc2959f]" started-at="2025-08-11T23:11:21 EDT" name="testcaseGetAllUsers" finished-at="2025-08-11T23:11:23 EDT" duration-ms="2752" status="PASS">
          <reporter-output>
          </reporter-output>
        </test-method> <!-- testcaseGetAllUsers -->
        <test-method signature="testcasePostUser()[pri:2, instance:testcases.UserTests@3fc2959f]" started-at="2025-08-11T23:11:23 EDT" name="testcasePostUser" finished-at="2025-08-11T23:11:25 EDT" duration-ms="1059" status="PASS">
          <reporter-output>
          </reporter-output>
        </test-method> <!-- testcasePostUser -->
        <test-method signature="testcaseGetUserById()[pri:3, instance:testcases.UserTests@3fc2959f]" started-at="2025-08-11T23:11:25 EDT" name="testcaseGetUserById" finished-at="2025-08-11T23:11:26 EDT" duration-ms="1043" status="PASS">
          <reporter-output>
          </reporter-output>
        </test-method> <!-- testcaseGetUserById -->
        <test-method signature="testcaseUpdateUserById()[pri:4, instance:testcases.UserTests@3fc2959f]" started-at="2025-08-11T23:11:26 EDT" name="testcaseUpdateUserById" finished-at="2025-08-11T23:11:29 EDT" duration-ms="3067" status="PASS">
          <reporter-output>
          </reporter-output>
        </test-method> <!-- testcaseUpdateUserById -->
        <test-method signature="deleteUser()[pri:5, instance:testcases.UserTests@3fc2959f]" started-at="2025-08-11T23:11:29 EDT" name="deleteUser" finished-at="2025-08-11T23:11:29 EDT" duration-ms="348" status="PASS">
          <reporter-output>
          </reporter-output>
        </test-method> <!-- deleteUser -->
      </class> <!-- testcases.UserTests -->
    </test> <!-- FakestoreUserAPITest -->
  </suite> <!-- FakestoreUserAPI -->
</testng-results>
